<?xml version="1.0" encoding="UTF-8"?>
<!-- Generated by org.testng.reporters.JUnitReportReporter -->
<testsuite hostname="LAPTOP-OPOMJJ2G" failures="0" tests="3" name="Tests.WebTableToCSVGenerateTest" time="5.832" errors="0" timestamp="2023-09-08T21:13:12 IST" skipped="0">
  <testcase classname="Tests.WebTableToCSVGenerateTest" name="gotoPage" time="3.394"/>
  <system-out/>
  <testcase classname="Tests.WebTableToCSVGenerateTest" name="validatePage" time="0.102"/>
  <system-out/>
  <testcase classname="Tests.WebTableToCSVGenerateTest" name="downloadFiles" time="2.336"/>
  <system-out/>
</testsuite> <!-- Tests.WebTableToCSVGenerateTest -->
